DEBUG   2022-12-09 00:24:32,115 [main] com.app.DentistApplication  - ------------------------------------------Strating application----------------------------------
DEBUG   2022-12-09 00:25:21,349 [main] com.app.DentistApplication  - ------------------------------------------Strating application----------------------------------
DEBUG   2022-12-09 00:26:18,711 [main] com.app.DentistApplication  - Starting running dentistAplication
DEBUG   2022-12-09 01:02:25,418 [main] com.app.DentistApplication  - Starting running dentistAplication
DEBUG   2022-12-09 01:07:44,975 [main] com.app.DentistApplication  - Starting running dentistAplication
DEBUG   2022-12-09 01:12:39,675 [main] com.app.DentistApplication  - Starting running dentistAplication
DEBUG   2022-12-09 01:14:08,232 [main] com.app.DentistApplication  - Starting running dentistAplication
DEBUG   2022-12-09 01:18:39,469 [main] com.app.DentistApplication  - Starting running dentistAplication
DEBUG   2022-12-09 01:20:31,389 [main] com.app.DentistApplication  - Starting running dentistAplication
DEBUG   2022-12-09 01:22:50,222 [main] com.app.DentistApplication  - Starting running dentistAplication
DEBUG   2022-12-09 10:44:05,927 [main] com.app.DentistApplication  - Starting running dentistAplication
INFO    2022-12-09 10:45:41,961 [http-nio-8080-exec-4] com.app.service.impl.DentistServiceImpl  - ok dentist deleted
DEBUG   2022-12-09 10:55:11,352 [main] com.app.DentistApplication  - Starting running dentistAplication
DEBUG   2022-12-09 10:57:02,808 [main] com.app.DentistApplication  - Starting running dentistAplication
DEBUG   2022-12-09 11:00:55,178 [main] com.app.DentistApplication  - Starting running dentistAplication
DEBUG   2022-12-09 11:03:19,843 [main] com.app.DentistApplication  - Starting running dentistAplication
DEBUG   2022-12-09 11:05:51,474 [main] com.app.DentistApplication  - Starting running dentistAplication
INFO    2022-12-09 11:10:58,020 [http-nio-8080-exec-10] com.app.service.impl.DentistServiceImpl  - ok dentist deleted
INFO    2022-12-09 11:11:08,926 [http-nio-8080-exec-3] com.app.service.impl.DentistServiceImpl  - ok dentist deleted
DEBUG   2022-12-09 11:22:42,017 [main] com.app.DentistApplication  - Starting running dentistAplication
DEBUG   2022-12-09 11:36:58,443 [main] com.app.DentistApplication  - Starting running dentistAplication
DEBUG   2022-12-09 11:39:07,793 [main] com.app.DentistApplication  - Starting running dentistAplication
DEBUG   2022-12-09 11:40:14,775 [main] com.app.DentistApplication  - Starting running dentistAplication
DEBUG   2022-12-09 11:40:51,685 [main] com.app.DentistApplication  - Starting running dentistAplication
DEBUG   2022-12-09 11:41:07,606 [main] com.app.DentistApplication  - Starting running dentistAplication
DEBUG   2022-12-09 11:46:25,420 [main] com.app.DentistApplication  - Starting running dentistAplication
DEBUG   2022-12-09 11:48:49,830 [main] com.app.DentistApplication  - Starting running dentistAplication
DEBUG   2022-12-09 12:53:17,139 [main] com.app.DentistApplication  - Starting running dentistAplication
DEBUG   2022-12-09 12:55:47,739 [main] com.app.DentistApplication  - Starting running dentistAplication
DEBUG   2022-12-09 12:57:11,021 [main] com.app.DentistApplication  - Starting running dentistAplication
DEBUG   2022-12-09 12:58:10,457 [main] com.app.DentistApplication  - Starting running dentistAplication
DEBUG   2022-12-09 12:59:47,058 [main] com.app.DentistApplication  - Starting running dentistAplication
DEBUG   2022-12-09 13:00:49,862 [main] com.app.DentistApplication  - Starting running dentistAplication
DEBUG   2022-12-09 13:23:08,283 [main] com.app.DentistApplication  - Starting running dentistAplication
DEBUG   2022-12-10 21:04:48,215 [main] com.app.DentistApplication  - Starting running dentistAplication
DEBUG   2022-12-10 21:10:10,355 [main] com.app.DentistApplication  - Starting running dentistAplication
DEBUG   2022-12-10 22:14:56,200 [main] com.app.DentistApplication  - Starting running dentistAplication
DEBUG   2022-12-10 22:23:09,888 [main] com.app.DentistApplication  - Starting running dentistAplication
DEBUG   2022-12-10 22:29:54,532 [main] com.app.DentistApplication  - Starting running dentistAplication
INFO    2022-12-10 22:31:08,928 [http-nio-8080-exec-4] com.app.service.impl.DentistServiceImpl  - Showing addressDto list
DEBUG   2022-12-10 22:35:33,340 [main] com.app.DentistApplication  - Starting running dentistAplication
DEBUG   2022-12-10 22:39:10,910 [main] com.app.DentistApplication  - Starting running dentistAplication
DEBUG   2022-12-10 23:13:33,651 [main] com.app.DentistApplication  - Starting running dentistAplication
INFO    2022-12-10 23:14:15,668 [http-nio-8080-exec-4] com.app.service.impl.DentistServiceImpl  - Showing addressDto list
INFO    2022-12-10 23:15:36,371 [http-nio-8080-exec-8] com.app.service.impl.DentistServiceImpl  - Showing addressDto list
INFO    2022-12-10 23:31:53,702 [http-nio-8080-exec-2] com.app.service.impl.DentistServiceImpl  - Showing addressDto list
DEBUG   2022-12-10 23:59:42,329 [main] com.app.DentistApplication  - Starting running dentistAplication
DEBUG   2022-12-11 00:02:05,991 [main] com.app.DentistApplication  - Starting running dentistAplication
DEBUG   2022-12-11 00:06:05,777 [main] com.app.DentistApplication  - Starting running dentistAplication
DEBUG   2022-12-11 00:09:43,585 [main] com.app.DentistApplication  - Starting running dentistAplication
DEBUG   2022-12-11 00:13:41,341 [main] com.app.DentistApplication  - Starting running dentistAplication
DEBUG   2022-12-11 00:15:18,732 [main] com.app.DentistApplication  - Starting running dentistAplication
DEBUG   2022-12-11 00:19:03,082 [main] com.app.DentistApplication  - Starting running dentistAplication
DEBUG   2022-12-11 00:24:21,295 [main] com.app.DentistApplication  - Starting running dentistAplication
DEBUG   2022-12-11 00:27:21,743 [main] com.app.DentistApplication  - Starting running dentistAplication
DEBUG   2022-12-11 00:29:10,173 [main] com.app.DentistApplication  - Starting running dentistAplication
DEBUG   2022-12-11 00:36:03,515 [main] com.app.DentistApplication  - Starting running dentistAplication
DEBUG   2022-12-11 01:08:02,493 [main] com.app.DentistApplication  - Starting running dentistAplication
DEBUG   2022-12-11 01:08:59,443 [main] com.app.DentistApplication  - Starting running dentistAplication
DEBUG   2022-12-11 01:11:54,715 [main] com.app.DentistApplication  - Starting running dentistAplication
DEBUG   2022-12-11 01:13:37,521 [main] com.app.DentistApplication  - Starting running dentistAplication
DEBUG   2022-12-11 01:14:46,154 [main] com.app.DentistApplication  - Starting running dentistAplication
DEBUG   2022-12-11 01:23:30,478 [main] com.app.DentistApplication  - Starting running dentistAplication
DEBUG   2022-12-11 01:27:11,439 [main] com.app.DentistApplication  - Starting running dentistAplication
DEBUG   2022-12-11 01:33:47,444 [main] com.app.DentistApplication  - Starting running dentistAplication
DEBUG   2022-12-11 01:57:04,683 [main] com.app.DentistApplication  - Starting running dentistAplication
DEBUG   2022-12-11 01:58:34,087 [main] com.app.DentistApplication  - Starting running dentistAplication
DEBUG   2022-12-11 02:08:03,473 [main] com.app.DentistApplication  - Starting running dentistAplication
DEBUG   2022-12-11 02:18:06,153 [main] com.app.DentistApplication  - Starting running dentistAplication
DEBUG   2022-12-11 02:19:52,113 [main] com.app.DentistApplication  - Starting running dentistAplication
DEBUG   2022-12-11 02:25:33,395 [main] com.app.DentistApplication  - Starting running dentistAplication
DEBUG   2022-12-11 11:17:39,848 [main] com.app.DentistApplication  - Starting running dentistApplication
DEBUG   2022-12-11 11:19:21,155 [main] com.app.DentistApplication  - Starting running dentistApplication
DEBUG   2022-12-11 21:09:05,376 [main] com.app.DentistApplication  - Starting running dentistApplication
DEBUG   2022-12-11 21:10:23,885 [main] com.app.DentistApplication  - Starting running dentistApplication
ERROR   2022-12-11 21:14:28,326 [http-nio-8080-exec-8] com.app.service.impl.ShiftServiceImpl  - Exception
ERROR   2022-12-11 21:16:52,071 [http-nio-8080-exec-4] com.app.service.impl.ShiftServiceImpl  - Exception
DEBUG   2022-12-11 21:19:09,433 [main] com.app.DentistApplication  - Starting running dentistApplication
DEBUG   2022-12-11 21:26:45,883 [main] com.app.DentistApplication  - Starting running dentistApplication
ERROR   2022-12-11 21:28:16,326 [http-nio-8080-exec-10] com.app.service.impl.ShiftServiceImpl  - Exception creating shift
DEBUG   2022-12-11 21:35:37,217 [main] com.app.DentistApplication  - Starting running dentistApplication
DEBUG   2022-12-11 22:04:54,455 [main] com.app.DentistApplication  - Starting running dentistApplication
DEBUG   2022-12-11 22:11:51,127 [main] com.app.DentistApplication  - Starting running dentistApplication
DEBUG   2022-12-11 22:37:09,981 [main] com.app.DentistApplication  - Starting running dentistApplication
DEBUG   2022-12-11 22:41:50,547 [main] com.app.DentistApplication  - Starting running dentistApplication
DEBUG   2022-12-12 01:00:14,690 [main] com.app.DentistApplication  - Starting running dentistApplication
DEBUG   2022-12-12 14:19:58,610 [main] com.app.DentistApplication  - Starting running dentistApplication
DEBUG   2022-12-12 14:30:58,216 [main] com.app.DentistApplication  - Starting running dentistApplication
DEBUG   2022-12-12 14:38:12,780 [main] com.app.DentistApplication  - Starting running dentistApplication
DEBUG   2022-12-12 16:12:54,659 [main] com.app.DentistApplication  - Starting running dentistApplication
DEBUG   2022-12-12 16:24:53,143 [main] com.app.DentistApplication  - Starting running dentistApplication
DEBUG   2022-12-12 16:26:15,521 [main] com.app.DentistApplication  - Starting running dentistApplication
DEBUG   2022-12-12 16:28:34,729 [main] com.app.DentistApplication  - Starting running dentistApplication
DEBUG   2022-12-12 16:31:13,480 [main] com.app.DentistApplication  - Starting running dentistApplication
DEBUG   2022-12-12 16:34:31,629 [main] com.app.DentistApplication  - Starting running dentistApplication
DEBUG   2022-12-12 16:39:48,660 [main] com.app.DentistApplication  - Starting running dentistApplication
DEBUG   2022-12-12 16:43:53,331 [main] com.app.DentistApplication  - Starting running dentistApplication
DEBUG   2022-12-12 16:46:40,381 [main] com.app.DentistApplication  - Starting running dentistApplication
DEBUG   2022-12-12 16:49:35,674 [main] com.app.DentistApplication  - Starting running dentistApplication
DEBUG   2022-12-12 16:51:11,938 [main] com.app.DentistApplication  - Starting running dentistApplication
DEBUG   2022-12-12 16:53:01,036 [main] com.app.DentistApplication  - Starting running dentistApplication
DEBUG   2022-12-12 16:55:47,965 [main] com.app.DentistApplication  - Starting running dentistApplication
DEBUG   2022-12-12 16:58:21,989 [main] com.app.DentistApplication  - Starting running dentistApplication
DEBUG   2022-12-12 17:00:07,942 [main] com.app.DentistApplication  - Starting running dentistApplication
DEBUG   2022-12-12 17:06:12,580 [main] com.app.DentistApplication  - Starting running dentistApplication
DEBUG   2022-12-12 17:17:11,073 [main] com.app.DentistApplication  - Starting running dentistApplication
DEBUG   2022-12-12 17:39:48,762 [main] com.app.DentistApplication  - Starting running dentistApplication
DEBUG   2022-12-12 17:59:05,607 [main] com.app.DentistApplication  - Starting running dentistApplication
DEBUG   2022-12-12 18:03:08,317 [main] com.app.DentistApplication  - Starting running dentistApplication
DEBUG   2022-12-12 18:05:41,482 [main] com.app.DentistApplication  - Starting running dentistApplication
DEBUG   2022-12-12 18:06:29,440 [main] com.app.DentistApplication  - Starting running dentistApplication
DEBUG   2022-12-12 18:07:20,337 [main] com.app.DentistApplication  - Starting running dentistApplication
DEBUG   2022-12-12 18:09:31,894 [main] com.app.DentistApplication  - Starting running dentistApplication
DEBUG   2022-12-12 18:10:56,012 [main] com.app.DentistApplication  - Starting running dentistApplication
DEBUG   2022-12-12 18:18:15,769 [main] com.app.DentistApplication  - Starting running dentistApplication
DEBUG   2022-12-12 18:46:58,045 [main] com.app.DentistApplication  - Starting running dentistApplication
DEBUG   2022-12-12 18:57:08,809 [main] com.app.DentistApplication  - Starting running dentistApplication
DEBUG   2022-12-12 19:01:48,404 [main] com.app.DentistApplication  - Starting running dentistApplication
DEBUG   2022-12-12 19:09:30,595 [main] com.app.DentistApplication  - Starting running dentistApplication
DEBUG   2022-12-12 19:18:33,529 [main] com.app.DentistApplication  - Starting running dentistApplication
DEBUG   2022-12-12 19:23:16,091 [main] com.app.DentistApplication  - Starting running dentistApplication
DEBUG   2022-12-12 19:50:24,160 [main] com.app.DentistApplication  - Starting running dentistApplication
DEBUG   2022-12-12 20:04:01,221 [main] com.app.DentistApplication  - Starting running dentistApplication
DEBUG   2022-12-12 20:14:47,755 [main] com.app.DentistApplication  - Starting running dentistApplication
DEBUG   2022-12-12 20:15:44,905 [main] com.app.DentistApplication  - Starting running dentistApplication
DEBUG   2022-12-12 20:17:47,714 [main] com.app.DentistApplication  - Starting running dentistApplication
DEBUG   2022-12-12 20:18:47,398 [main] com.app.DentistApplication  - Starting running dentistApplication
DEBUG   2022-12-12 20:20:42,079 [main] com.app.DentistApplication  - Starting running dentistApplication
DEBUG   2022-12-12 20:29:20,713 [main] com.app.DentistApplication  - Starting running dentistApplication
DEBUG   2022-12-12 21:17:34,133 [main] com.app.DentistApplication  - Starting running dentistApplication
DEBUG   2022-12-12 21:26:08,911 [main] com.app.DentistApplication  - Starting running dentistApplication
DEBUG   2022-12-24 11:49:11,720 [main] com.app.DentistApplication  - Starting running dentistApplication
